2025-02-26 14:33:38,873 - XMLSender - INFO - Iniciando aplicaÁ„o Envio de Arquivos XML v1.0.0
2025-02-26 14:33:38,874 - XMLSender.ConfigManager - INFO - ConfiguraÁıes carregadas de config/settings.json
2025-02-26 14:33:39,152 - XMLSender - INFO - LicenÁa v·lida. Iniciando aplicaÁ„o.
2025-02-26 14:33:39,213 - XMLSender - WARNING - Arquivo de Ìcone n„o encontrado: assets/icon.png
2025-02-26 14:33:39,490 - XMLSender - INFO - AplicaÁ„o iniciada
2025-02-26 14:33:46,174 - XMLSender - INFO - Encerrando aplicaÁ„o
2025-02-26 14:33:46,174 - XMLSender.ConfigManager - INFO - ConfiguraÁıes salvas em config/settings.json
2025-02-26 14:34:24,480 - XMLSender - INFO - Iniciando aplicaÁ„o Envio de Arquivos XML v1.0.0
2025-02-26 14:34:24,480 - XMLSender.ConfigManager - INFO - ConfiguraÁıes carregadas de config/settings.json
2025-02-26 14:34:24,481 - XMLSender - WARNING - VerificaÁ„o de licenÁa falhou: LicenÁa n„o encontrada. Por favor, registre o produto.
2025-02-26 14:37:08,631 - XMLSender - INFO - Iniciando aplicaÁ„o Envio de Arquivos XML v1.0.0
2025-02-26 14:37:08,631 - XMLSender.ConfigManager - INFO - ConfiguraÁıes carregadas de config/settings.json
2025-02-26 14:37:08,632 - XMLSender - WARNING - VerificaÁ„o de licenÁa falhou: LicenÁa n„o encontrada. Por favor, registre o produto.
2025-02-26 14:40:06,637 - XMLSender - INFO - Iniciando aplicaÁ„o Envio de Arquivos XML v1.0.0
2025-02-26 14:40:06,637 - XMLSender.ConfigManager - INFO - ConfiguraÁıes carregadas de config/settings.json
2025-02-26 14:40:06,637 - XMLSender - WARNING - VerificaÁ„o de licenÁa falhou: LicenÁa n„o encontrada. Por favor, registre o produto.
2025-02-26 14:53:35,524 - XMLSender - INFO - Iniciando aplicaÁ„o Envio de Arquivos XML v1.0.0
2025-02-26 14:53:35,524 - XMLSender.ConfigManager - INFO - ConfiguraÁıes carregadas de config/settings.json
2025-02-26 14:53:35,525 - XMLSender - WARNING - VerificaÁ„o de licenÁa falhou: LicenÁa n„o encontrada. Por favor, registre o produto.
2025-02-26 14:56:45,457 - XMLSender - INFO - Iniciando aplicaÁ„o Envio de Arquivos XML v1.0.0
2025-02-26 14:56:45,457 - XMLSender.ConfigManager - INFO - ConfiguraÁıes carregadas de config/settings.json
2025-02-26 14:56:45,457 - XMLSender - WARNING - VerificaÁ„o de licenÁa falhou: LicenÁa n„o encontrada. Por favor, registre o produto.
2025-02-26 14:57:02,407 - XMLSender - INFO - LicenÁa v·lida. Iniciando aplicaÁ„o.
2025-02-26 14:57:02,456 - XMLSender - WARNING - Arquivo de Ìcone n„o encontrado: assets/icon.png
2025-02-26 14:57:02,730 - XMLSender - INFO - AplicaÁ„o iniciada
2025-02-26 14:57:32,530 - XMLSender - INFO - Encerrando aplicaÁ„o
2025-02-26 14:57:32,531 - XMLSender.ConfigManager - INFO - ConfiguraÁıes salvas em config/settings.json
2025-02-26 14:57:52,649 - XMLSender - INFO - Iniciando aplicaÁ„o Envio de Arquivos XML v1.0.0
2025-02-26 14:57:52,649 - XMLSender.ConfigManager - INFO - ConfiguraÁıes carregadas de config/settings.json
2025-02-26 14:57:52,880 - XMLSender - INFO - LicenÁa v·lida. Iniciando aplicaÁ„o.
2025-02-26 14:57:52,941 - XMLSender - WARNING - Arquivo de Ìcone n„o encontrado: assets/icon.png
2025-02-26 14:57:53,214 - XMLSender - INFO - AplicaÁ„o iniciada
2025-02-26 14:59:02,168 - XMLSender - INFO - Encerrando aplicaÁ„o
2025-02-26 14:59:02,169 - XMLSender.ConfigManager - INFO - ConfiguraÁıes salvas em config/settings.json
2025-02-26 15:01:03,382 - XMLSender - INFO - Iniciando aplicaÁ„o Envio de Arquivos XML v1.0.0
2025-02-26 15:01:03,382 - XMLSender.ConfigManager - INFO - ConfiguraÁıes carregadas de config/settings.json
2025-02-26 15:01:03,635 - XMLSender - INFO - LicenÁa v·lida. Iniciando aplicaÁ„o.
2025-02-26 15:01:03,702 - XMLSender - WARNING - Arquivo de Ìcone n„o encontrado: assets/icon.png
2025-02-26 15:01:03,988 - XMLSender - INFO - AplicaÁ„o iniciada
2025-02-26 15:01:08,511 - XMLSender - INFO - Encerrando aplicaÁ„o
2025-02-26 15:01:08,511 - XMLSender.ConfigManager - INFO - ConfiguraÁıes salvas em config/settings.json
2025-02-26 15:02:06,315 - XMLSender - INFO - Iniciando aplicaÁ„o Envio de Arquivos XML v1.0.0
2025-02-26 15:02:06,316 - XMLSender.ConfigManager - INFO - ConfiguraÁıes carregadas de config/settings.json
2025-02-26 15:02:06,554 - XMLSender - INFO - LicenÁa v·lida. Iniciando aplicaÁ„o.
2025-02-26 15:02:06,618 - XMLSender - WARNING - Arquivo de Ìcone n„o encontrado: assets/icon.png
2025-02-26 15:02:06,889 - XMLSender - INFO - AplicaÁ„o iniciada
2025-02-26 15:02:10,571 - XMLSender - INFO - Encerrando aplicaÁ„o
2025-02-26 15:02:10,571 - XMLSender.ConfigManager - INFO - ConfiguraÁıes salvas em config/settings.json
2025-02-26 15:03:06,881 - XMLSender - INFO - Iniciando aplicaÁ„o Envio de Arquivos XML v1.0.0
2025-02-26 15:03:06,881 - XMLSender.ConfigManager - INFO - ConfiguraÁıes carregadas de config/settings.json
2025-02-26 15:03:07,127 - XMLSender - INFO - LicenÁa v·lida. Iniciando aplicaÁ„o.
2025-02-26 15:03:07,189 - XMLSender - WARNING - Arquivo de Ìcone n„o encontrado: assets/icon.png
2025-02-26 15:03:07,443 - XMLSender - INFO - AplicaÁ„o iniciada
2025-02-26 15:03:15,073 - XMLSender - INFO - Encerrando aplicaÁ„o
2025-02-26 15:03:15,074 - XMLSender.ConfigManager - INFO - ConfiguraÁıes salvas em config/settings.json
2025-02-26 15:03:56,764 - XMLSender - INFO - Iniciando aplicaÁ„o Envio de Arquivos XML v1.0.0
2025-02-26 15:03:56,764 - XMLSender.ConfigManager - INFO - ConfiguraÁıes carregadas de config/settings.json
2025-02-26 15:03:57,011 - XMLSender - WARNING - VerificaÁ„o de licenÁa falhou: LicenÁa desativada
2025-02-26 15:04:31,507 - XMLSender - INFO - Iniciando aplicaÁ„o Envio de Arquivos XML v1.0.0
2025-02-26 15:04:31,508 - XMLSender.ConfigManager - INFO - ConfiguraÁıes carregadas de config/settings.json
2025-02-26 15:04:31,770 - XMLSender - WARNING - VerificaÁ„o de licenÁa falhou: LicenÁa n„o est· ativa.
2025-02-26 15:04:49,380 - XMLSender - INFO - Iniciando aplicaÁ„o Envio de Arquivos XML v1.0.0
2025-02-26 15:04:49,380 - XMLSender.ConfigManager - INFO - ConfiguraÁıes carregadas de config/settings.json
2025-02-26 15:04:49,629 - XMLSender - WARNING - VerificaÁ„o de licenÁa falhou: LicenÁa n„o est· ativa.
2025-02-26 15:11:03,783 - XMLSender - INFO - Iniciando aplicaÁ„o Envio de Arquivos XML v1.0.0
2025-02-26 15:11:03,783 - XMLSender.ConfigManager - INFO - ConfiguraÁıes carregadas de config/settings.json
2025-02-26 15:11:04,024 - XMLSender - WARNING - VerificaÁ„o de licenÁa falhou: LicenÁa n„o est· ativa.
2025-02-26 15:11:41,389 - XMLSender - INFO - Iniciando aplicaÁ„o Envio de Arquivos XML v1.0.0
2025-02-26 15:11:41,390 - XMLSender.ConfigManager - INFO - ConfiguraÁıes carregadas de config/settings.json
2025-02-26 15:11:41,668 - XMLSender - WARNING - VerificaÁ„o de licenÁa falhou: LicenÁa n„o est· ativa.
2025-02-26 15:12:45,003 - XMLSender - INFO - Iniciando aplicaÁ„o Envio de Arquivos XML v1.0.0
2025-02-26 15:12:45,003 - XMLSender.ConfigManager - INFO - ConfiguraÁıes carregadas de config/settings.json
2025-02-26 15:12:45,256 - XMLSender - WARNING - VerificaÁ„o de licenÁa falhou: LicenÁa desativada
2025-02-26 15:12:58,528 - XMLSender - INFO - Iniciando aplicaÁ„o Envio de Arquivos XML v1.0.0
2025-02-26 15:12:58,528 - XMLSender.ConfigManager - INFO - ConfiguraÁıes carregadas de config/settings.json
2025-02-26 15:12:58,766 - XMLSender - WARNING - VerificaÁ„o de licenÁa falhou: LicenÁa n„o est· ativa.
2025-02-26 15:14:07,205 - XMLSender - INFO - Iniciando aplicaÁ„o Envio de Arquivos XML v1.0.0
2025-02-26 15:14:07,205 - XMLSender.ConfigManager - INFO - ConfiguraÁıes carregadas de config/settings.json
2025-02-26 15:14:07,453 - XMLSender - WARNING - VerificaÁ„o de licenÁa falhou: LicenÁa n„o est· ativa.
2025-02-26 15:18:37,562 - XMLSender - INFO - Iniciando aplicaÁ„o Envio de Arquivos XML v1.0.0
2025-02-26 15:18:37,562 - XMLSender.ConfigManager - INFO - ConfiguraÁıes carregadas de config/settings.json
2025-02-26 15:18:37,809 - XMLSender - WARNING - VerificaÁ„o de licenÁa falhou: LicenÁa n„o est· ativa.
2025-02-26 15:19:48,585 - XMLSender - INFO - Iniciando aplicaÁ„o Envio de Arquivos XML v1.0.0
2025-02-26 15:19:48,586 - XMLSender.ConfigManager - INFO - ConfiguraÁıes carregadas de config/settings.json
2025-02-26 15:19:48,858 - XMLSender - WARNING - VerificaÁ„o de licenÁa falhou: LicenÁa n„o est· ativa.
2025-02-26 15:20:17,499 - XMLSender - INFO - Iniciando aplicaÁ„o Envio de Arquivos XML v1.0.0
2025-02-26 15:20:17,500 - XMLSender.ConfigManager - INFO - ConfiguraÁıes carregadas de config/settings.json
2025-02-26 15:20:17,500 - XMLSender - WARNING - VerificaÁ„o de licenÁa falhou: LicenÁa n„o encontrada. Por favor, registre o produto.
2025-02-26 15:21:06,746 - XMLSender - INFO - Iniciando aplicaÁ„o Envio de Arquivos XML v1.0.0
2025-02-26 15:21:06,746 - XMLSender.ConfigManager - INFO - ConfiguraÁıes carregadas de config/settings.json
2025-02-26 15:21:06,990 - XMLSender - WARNING - VerificaÁ„o de licenÁa falhou: LicenÁa n„o est· ativa.
2025-06-02 10:21:33,252 - XMLSender - INFO - Iniciando aplicaÁ„o Envio de Arquivos XML v1.0.0
2025-06-02 10:21:33,252 - XMLSender.ConfigManager - INFO - ConfiguraÁıes carregadas de config/settings.json
2025-06-02 10:21:33,310 - XMLSender - WARNING - Arquivo de Ìcone n„o encontrado: assets/icon.png
2025-06-02 10:21:33,353 - XMLSender - INFO - AplicaÁ„o iniciada
2025-06-02 10:21:56,507 - XMLSender.EmailService - WARNING - Porta 587 n„o È recomendada para Gmail com SSL. Alterando para 465.
2025-06-02 10:21:59,053 - XMLSender.EmailService - INFO - Teste de conex„o SMTP realizado com sucesso
2025-06-02 10:22:00,923 - XMLSender.ConfigManager - INFO - ConfiguraÁıes salvas em config/settings.json
2025-06-02 10:22:18,906 - XMLSender.ConfigManager - INFO - ConfiguraÁıes salvas em config/settings.json
2025-06-02 10:22:21,745 - XMLSender.ConfigManager - INFO - ConfiguraÁıes salvas em config/settings.json
2025-06-02 10:23:55,166 - XMLSender - INFO - Encerrando aplicaÁ„o
2025-06-02 10:23:55,166 - XMLSender.ConfigManager - INFO - ConfiguraÁıes salvas em config/settings.json
2025-06-02 10:35:27,036 - XMLSender - INFO - Iniciando aplicaÁ„o Envio de Arquivos XML v1.0.0
2025-06-02 10:35:27,036 - XMLSender.ConfigManager - INFO - ConfiguraÁıes carregadas de config/settings.json
2025-06-02 10:35:27,092 - XMLSender - WARNING - Arquivo de Ìcone n„o encontrado: assets/icon.png
2025-06-02 10:36:04,862 - XMLSender - INFO - Iniciando aplicaÁ„o Envio de Arquivos XML v1.0.0
2025-06-02 10:36:04,862 - XMLSender.ConfigManager - INFO - ConfiguraÁıes carregadas de config/settings.json
2025-06-02 10:36:04,912 - XMLSender - WARNING - Arquivo de Ìcone n„o encontrado: assets/icon.png
2025-06-02 10:37:38,666 - XMLSender - INFO - Iniciando aplicaÁ„o Envio de Arquivos XML v1.0.0
2025-06-02 10:37:38,666 - XMLSender.ConfigManager - INFO - ConfiguraÁıes carregadas de config/settings.json
2025-06-02 10:37:38,720 - XMLSender - WARNING - Arquivo de Ìcone n„o encontrado: assets/icon.png
2025-06-02 10:37:38,967 - XMLSender - INFO - AplicaÁ„o iniciada
2025-06-02 10:46:41,706 - XMLSender - INFO - Encerrando aplicaÁ„o
2025-06-02 10:46:41,707 - XMLSender.ConfigManager - INFO - ConfiguraÁıes salvas em config/settings.json
2025-06-02 10:47:23,067 - XMLSender - INFO - Iniciando aplicaÁ„o Envio de Arquivos XML v1.0.0
2025-06-02 10:47:23,067 - XMLSender.ConfigManager - INFO - ConfiguraÁıes carregadas de config/settings.json
2025-06-02 10:47:23,129 - XMLSender - WARNING - Arquivo de Ìcone n„o encontrado: assets/icon.png
2025-06-02 10:47:23,275 - XMLSender - INFO - AplicaÁ„o iniciada
2025-06-02 10:47:45,405 - XMLSender - INFO - Encerrando aplicaÁ„o
2025-06-02 10:47:45,405 - XMLSender.ConfigManager - INFO - ConfiguraÁıes salvas em config/settings.json
2025-06-02 10:51:46,080 - XMLSender - INFO - Iniciando aplicaÁ„o Envio de Arquivos XML v1.0.0
2025-06-02 10:51:46,080 - XMLSender.ConfigManager - INFO - ConfiguraÁıes carregadas de config/settings.json
2025-06-02 10:51:46,147 - XMLSender - WARNING - Arquivo de Ìcone n„o encontrado: assets/icon.png
2025-06-02 10:51:46,336 - XMLSender - INFO - AplicaÁ„o iniciada
2025-06-02 10:52:30,830 - XMLSender - INFO - Encerrando aplicaÁ„o
2025-06-02 10:52:30,831 - XMLSender.ConfigManager - INFO - ConfiguraÁıes salvas em config/settings.json
2025-06-02 10:56:24,555 - XMLSender - INFO - Iniciando aplicaÁ„o Envio de Arquivos XML v1.0.0
2025-06-02 10:56:24,556 - XMLSender.ConfigManager - INFO - ConfiguraÁıes carregadas de config/settings.json
2025-06-02 10:56:24,623 - XMLSender - WARNING - Arquivo de Ìcone n„o encontrado: assets/icon.png
2025-06-02 10:56:24,809 - XMLSender - INFO - AplicaÁ„o iniciada
2025-06-02 10:56:31,000 - XMLSender.EmailService - WARNING - Porta 587 n„o È recomendada para Gmail com SSL. Alterando para 465.
2025-06-02 10:56:33,464 - XMLSender.EmailService - INFO - Teste de conex„o SMTP realizado com sucesso
2025-06-02 10:56:34,952 - XMLSender.ConfigManager - INFO - ConfiguraÁıes salvas em config/settings.json
2025-06-02 10:58:08,900 - XMLSender - INFO - Encerrando aplicaÁ„o
2025-06-02 10:58:08,900 - XMLSender.ConfigManager - INFO - ConfiguraÁıes salvas em config/settings.json
2025-06-02 11:00:39,778 - XMLSender - INFO - Iniciando aplicaÁ„o Envio de Arquivos XML v1.0.0
2025-06-02 11:00:39,780 - XMLSender.ConfigManager - INFO - ConfiguraÁıes carregadas de config/settings.json
2025-06-02 11:00:39,841 - XMLSender - WARNING - Arquivo de Ìcone n„o encontrado: assets/icon.png
2025-06-02 11:00:40,021 - XMLSender - INFO - AplicaÁ„o iniciada
2025-06-02 11:00:51,908 - XMLSender - INFO - Encerrando aplicaÁ„o
2025-06-02 11:00:51,908 - XMLSender.ConfigManager - INFO - ConfiguraÁıes salvas em config/settings.json
2025-06-02 11:00:56,649 - XMLSender - INFO - Iniciando aplicaÁ„o Envio de Arquivos XML v1.0.0
2025-06-02 11:00:56,650 - XMLSender.ConfigManager - INFO - ConfiguraÁıes carregadas de config/settings.json
2025-06-02 11:00:56,711 - XMLSender - WARNING - Arquivo de Ìcone n„o encontrado: assets/icon.png
2025-06-02 11:00:56,877 - XMLSender - INFO - AplicaÁ„o iniciada
2025-06-02 11:01:39,566 - XMLSender - INFO - Encerrando aplicaÁ„o
2025-06-02 11:01:39,566 - XMLSender.ConfigManager - INFO - ConfiguraÁıes salvas em config/settings.json
2025-06-02 11:04:29,157 - XMLSender - INFO - Iniciando aplicaÁ„o Envio de Arquivos XML v1.0.0
2025-06-02 11:04:29,157 - XMLSender.ConfigManager - INFO - ConfiguraÁıes carregadas de config/settings.json
2025-06-02 11:04:29,220 - XMLSender - WARNING - Arquivo de Ìcone n„o encontrado: assets/icon.png
2025-06-02 11:04:29,388 - XMLSender - INFO - AplicaÁ„o iniciada
2025-06-02 11:05:44,808 - XMLSender - INFO - Encerrando aplicaÁ„o
2025-06-02 11:05:44,809 - XMLSender.ConfigManager - INFO - ConfiguraÁıes salvas em config/settings.json
2025-06-02 11:08:03,912 - XMLSender - INFO - Iniciando aplicaÁ„o Envio de Arquivos XML v1.0.0
2025-06-02 11:08:03,913 - XMLSender.ConfigManager - INFO - ConfiguraÁıes carregadas de config/settings.json
2025-06-02 11:08:03,978 - XMLSender - WARNING - Arquivo de Ìcone n„o encontrado: assets/icon.png
2025-06-02 11:08:04,160 - XMLSender - INFO - AplicaÁ„o iniciada
2025-06-02 11:08:22,512 - XMLSender - INFO - Encerrando aplicaÁ„o
2025-06-02 11:08:22,513 - XMLSender.ConfigManager - INFO - ConfiguraÁıes salvas em config/settings.json
2025-06-02 11:10:24,996 - XMLSender - INFO - Iniciando aplicaÁ„o Envio de Arquivos XML v1.0.0
2025-06-02 11:10:24,996 - XMLSender.ConfigManager - INFO - ConfiguraÁıes carregadas de config/settings.json
2025-06-02 11:10:25,059 - XMLSender - WARNING - Arquivo de Ìcone n„o encontrado: assets/icon.png
2025-06-02 11:10:25,243 - XMLSender - INFO - AplicaÁ„o iniciada
2025-06-02 11:10:27,535 - XMLSender - INFO - Encerrando aplicaÁ„o
2025-06-02 11:10:27,536 - XMLSender.ConfigManager - INFO - ConfiguraÁıes salvas em config/settings.json
2025-06-02 11:10:32,256 - XMLSender - INFO - Iniciando aplicaÁ„o Envio de Arquivos XML v1.0.0
2025-06-02 11:10:32,256 - XMLSender.ConfigManager - INFO - ConfiguraÁıes carregadas de config/settings.json
2025-06-02 11:10:32,323 - XMLSender - WARNING - Arquivo de Ìcone n„o encontrado: assets/icon.png
2025-06-02 11:10:32,506 - XMLSender - INFO - AplicaÁ„o iniciada
2025-06-02 11:10:34,498 - XMLSender - INFO - Encerrando aplicaÁ„o
2025-06-02 11:10:34,499 - XMLSender.ConfigManager - INFO - ConfiguraÁıes salvas em config/settings.json
2025-06-02 11:10:37,751 - XMLSender - INFO - Iniciando aplicaÁ„o Envio de Arquivos XML v1.0.0
2025-06-02 11:10:37,751 - XMLSender.ConfigManager - INFO - ConfiguraÁıes carregadas de config/settings.json
2025-06-02 11:10:37,814 - XMLSender - WARNING - Arquivo de Ìcone n„o encontrado: assets/icon.png
2025-06-02 11:10:38,004 - XMLSender - INFO - AplicaÁ„o iniciada
2025-06-02 11:10:41,687 - XMLSender - INFO - Encerrando aplicaÁ„o
2025-06-02 11:10:41,688 - XMLSender.ConfigManager - INFO - ConfiguraÁıes salvas em config/settings.json
2025-06-02 11:10:51,581 - XMLSender - INFO - Iniciando aplicaÁ„o Envio de Arquivos XML v1.0.0
2025-06-02 11:10:51,581 - XMLSender.ConfigManager - INFO - ConfiguraÁıes carregadas de config/settings.json
2025-06-02 11:10:51,646 - XMLSender - WARNING - Arquivo de Ìcone n„o encontrado: assets/icon.png
2025-06-02 11:10:51,837 - XMLSender - INFO - AplicaÁ„o iniciada
2025-06-02 11:11:01,426 - XMLSender - INFO - Encerrando aplicaÁ„o
2025-06-02 11:11:01,428 - XMLSender.ConfigManager - INFO - ConfiguraÁıes salvas em config/settings.json
2025-06-02 11:11:05,650 - XMLSender - INFO - Iniciando aplicaÁ„o Envio de Arquivos XML v1.0.0
2025-06-02 11:11:05,650 - XMLSender.ConfigManager - INFO - ConfiguraÁıes carregadas de config/settings.json
2025-06-02 11:11:05,715 - XMLSender - WARNING - Arquivo de Ìcone n„o encontrado: assets/icon.png
2025-06-02 11:11:05,898 - XMLSender - INFO - AplicaÁ„o iniciada
2025-06-02 11:11:18,118 - XMLSender - INFO - Encerrando aplicaÁ„o
2025-06-02 11:11:18,119 - XMLSender.ConfigManager - INFO - ConfiguraÁıes salvas em config/settings.json
2025-06-02 11:11:52,773 - XMLSender - INFO - Iniciando aplicaÁ„o Envio de Arquivos XML v1.0.0
2025-06-02 11:11:52,773 - XMLSender.ConfigManager - INFO - ConfiguraÁıes carregadas de config/settings.json
2025-06-02 11:11:52,839 - XMLSender - WARNING - Arquivo de Ìcone n„o encontrado: assets/icon.png
2025-06-02 11:11:53,037 - XMLSender - INFO - AplicaÁ„o iniciada
2025-06-02 11:12:17,743 - XMLSender - INFO - Encerrando aplicaÁ„o
2025-06-02 11:12:17,743 - XMLSender.ConfigManager - INFO - ConfiguraÁıes salvas em config/settings.json
2025-06-02 11:12:52,654 - XMLSender - INFO - Iniciando aplicaÁ„o Envio de Arquivos XML v1.0.0
2025-06-02 11:12:52,654 - XMLSender.ConfigManager - INFO - ConfiguraÁıes carregadas de config/settings.json
2025-06-02 11:12:52,716 - XMLSender - WARNING - Arquivo de Ìcone n„o encontrado: assets/icon.png
2025-06-02 11:12:52,919 - XMLSender - INFO - AplicaÁ„o iniciada
2025-06-02 11:13:41,937 - XMLSender - INFO - Encerrando aplicaÁ„o
2025-06-02 11:13:41,938 - XMLSender.ConfigManager - INFO - ConfiguraÁıes salvas em config/settings.json
2025-06-02 12:38:19,907 - XMLSender - INFO - Iniciando aplicaÁ„o Envio de Arquivos XML v1.0.0
2025-06-02 12:38:19,907 - XMLSender.ConfigManager - INFO - ConfiguraÁıes carregadas de config/settings.json
2025-06-02 12:38:19,980 - XMLSender - WARNING - Arquivo de Ìcone n„o encontrado: assets/icon.png
2025-06-02 12:38:20,169 - XMLSender - INFO - AplicaÁ„o iniciada
2025-06-02 12:38:23,484 - XMLSender.XMLFinder - INFO - Buscando arquivos para doc 19359762000107 no perÌodo 202505
2025-06-02 12:38:23,485 - XMLSender.XMLFinder - WARNING - DiretÛrio n„o encontrado: C:\DigiSat\SuiteG6\Servidor\DFe\NFCe\2025\05
2025-06-02 12:38:23,485 - XMLSender.XMLFinder - WARNING - DiretÛrio n„o encontrado: C:\DigiSat\SuiteG6\Servidor\DFe\NFe\2025\05
2025-06-02 12:38:30,590 - XMLSender - INFO - Encerrando aplicaÁ„o
2025-06-02 12:38:30,591 - XMLSender.ConfigManager - INFO - ConfiguraÁıes salvas em config/settings.json
2025-06-02 12:39:24,409 - XMLSender - INFO - Iniciando aplicaÁ„o Envio de Arquivos XML v1.0.0
2025-06-02 12:39:24,409 - XMLSender.ConfigManager - INFO - ConfiguraÁıes carregadas de config/settings.json
2025-06-02 12:39:24,475 - XMLSender - WARNING - Arquivo de Ìcone n„o encontrado: assets/icon.png
2025-06-02 12:39:24,667 - XMLSender - INFO - AplicaÁ„o iniciada
2025-06-02 12:39:25,466 - XMLSender.XMLFinder - INFO - Buscando arquivos XML para Doc ID=19359762000107, perÌodo=202505
2025-06-02 12:39:25,466 - XMLSender.XMLFinder - WARNING - DiretÛrio n„o encontrado: C:\DigiSat\SuiteG6\Servidor\DFe\19359762000107\Enviado\NFCe\202505\Autorizados
2025-06-02 12:39:25,466 - XMLSender.XMLFinder - WARNING - DiretÛrio n„o encontrado: C:\DigiSat\SuiteG6\Servidor\DFe\19359762000107\Enviado\NF-e\202505\Autorizados
2025-06-02 12:41:16,375 - XMLSender - INFO - Encerrando aplicaÁ„o
2025-06-02 12:41:16,376 - XMLSender.ConfigManager - INFO - ConfiguraÁıes salvas em config/settings.json
2025-06-02 12:41:25,262 - XMLSender - INFO - Iniciando aplicaÁ„o Envio de Arquivos XML v1.0.0
2025-06-02 12:41:25,263 - XMLSender.ConfigManager - INFO - ConfiguraÁıes carregadas de config/settings.json
2025-06-02 12:41:25,327 - XMLSender - WARNING - Arquivo de Ìcone n„o encontrado: assets/icon.png
2025-06-02 12:41:25,521 - XMLSender - INFO - AplicaÁ„o iniciada
2025-06-02 12:41:26,908 - XMLSender.XMLFinder - INFO - Buscando arquivos XML para Doc ID=19359762000107, perÌodo=202505
2025-06-02 12:41:26,908 - XMLSender.XMLFinder - INFO - Verificando caminho NFCe: C:\DigiSat\SuiteG6\Servidor\DFe\19359762000107\Enviado\NFCe\202505\Autorizados
2025-06-02 12:41:26,908 - XMLSender.XMLFinder - WARNING - DiretÛrio n„o encontrado: C:\DigiSat\SuiteG6\Servidor\DFe\19359762000107\Enviado\NFCe\202505\Autorizados
2025-06-02 12:41:26,908 - XMLSender.XMLFinder - INFO - Verificando caminho NFe: C:\DigiSat\SuiteG6\Servidor\DFe\19359762000107\Enviado\NF-e\202505\Autorizados
2025-06-02 12:41:26,909 - XMLSender.XMLFinder - WARNING - DiretÛrio n„o encontrado: C:\DigiSat\SuiteG6\Servidor\DFe\19359762000107\Enviado\NF-e\202505\Autorizados
2025-06-02 12:41:40,277 - XMLSender.XMLFinder - INFO - Buscando arquivos XML para Doc ID=19359762000107, perÌodo=202501
2025-06-02 12:41:40,277 - XMLSender.XMLFinder - INFO - Verificando caminho NFCe: C:\DigiSat\SuiteG6\Servidor\DFe\19359762000107\Enviado\NFCe\202501\Autorizados
2025-06-02 12:41:40,278 - XMLSender.XMLFinder - INFO - Arquivos XML encontrados em C:\DigiSat\SuiteG6\Servidor\DFe\19359762000107\Enviado\NFCe\202501\Autorizados: ['01.xml']
2025-06-02 12:41:40,278 - XMLSender.XMLFinder - INFO - Encontrados 1 arquivos NFCe
2025-06-02 12:41:40,278 - XMLSender.XMLFinder - INFO - Verificando caminho NFe: C:\DigiSat\SuiteG6\Servidor\DFe\19359762000107\Enviado\NF-e\202501\Autorizados
2025-06-02 12:41:40,278 - XMLSender.XMLFinder - WARNING - DiretÛrio n„o encontrado: C:\DigiSat\SuiteG6\Servidor\DFe\19359762000107\Enviado\NF-e\202501\Autorizados
2025-06-02 12:41:40,282 - XMLSender.ZipService - INFO - Arquivo ZIP criado em temp/19359762000107_202501_xmls.zip com 1 arquivos
2025-06-02 12:41:40,284 - XMLSender.EmailService - WARNING - Porta 587 n„o È recomendada para Gmail com SSL. Alterando para 465.
2025-06-02 12:41:44,610 - XMLSender.EmailService - INFO - Email enviado com sucesso para adrielt00@yahoo.com.br
2025-06-02 12:41:58,680 - XMLSender.XMLFinder - INFO - Buscando arquivos XML para Doc ID=19359762000107, perÌodo=202502
2025-06-02 12:41:58,681 - XMLSender.XMLFinder - INFO - Verificando caminho NFCe: C:\DigiSat\SuiteG6\Servidor\DFe\19359762000107\Enviado\NFCe\202502\Autorizados
2025-06-02 12:41:58,681 - XMLSender.XMLFinder - INFO - Arquivos XML encontrados em C:\DigiSat\SuiteG6\Servidor\DFe\19359762000107\Enviado\NFCe\202502\Autorizados: ['01.xml']
2025-06-02 12:41:58,681 - XMLSender.XMLFinder - INFO - Encontrados 1 arquivos NFCe
2025-06-02 12:41:58,681 - XMLSender.XMLFinder - INFO - Verificando caminho NFe: C:\DigiSat\SuiteG6\Servidor\DFe\19359762000107\Enviado\NF-e\202502\Autorizados
2025-06-02 12:41:58,681 - XMLSender.XMLFinder - WARNING - DiretÛrio n„o encontrado: C:\DigiSat\SuiteG6\Servidor\DFe\19359762000107\Enviado\NF-e\202502\Autorizados
2025-06-02 12:41:58,684 - XMLSender.ZipService - INFO - Arquivo ZIP criado em temp/19359762000107_202502_xmls.zip com 1 arquivos
2025-06-02 12:41:58,686 - XMLSender.EmailService - WARNING - Porta 587 n„o È recomendada para Gmail com SSL. Alterando para 465.
2025-06-02 12:42:02,719 - XMLSender.EmailService - INFO - Email enviado com sucesso para adrielt00@yahoo.com.br
2025-06-02 12:42:29,104 - XMLSender - INFO - Encerrando aplicaÁ„o
2025-06-02 12:42:29,105 - XMLSender.ConfigManager - INFO - ConfiguraÁıes salvas em config/settings.json
2025-06-02 12:48:31,557 - XMLSender - INFO - Iniciando aplicaÁ„o Envio de Arquivos XML v1.0.0
2025-06-02 12:48:31,557 - XMLSender.ConfigManager - INFO - ConfiguraÁıes carregadas de config/settings.json
2025-06-02 12:48:31,626 - XMLSender - WARNING - Arquivo de Ìcone n„o encontrado: assets/icon.png
2025-06-02 12:48:31,825 - XMLSender - INFO - AplicaÁ„o iniciada
2025-06-02 12:48:35,752 - XMLSender.XMLFinder - INFO - Buscando arquivos XML para Doc ID=19359762000107, perÌodo=202501
2025-06-02 12:48:35,752 - XMLSender.XMLFinder - INFO - Verificando caminho NFCe: C:\DigiSat\SuiteG6\Servidor\DFe\19359762000107\Enviado\NFCe\202501\Autorizados
2025-06-02 12:48:35,752 - XMLSender.XMLFinder - INFO - Arquivos XML encontrados em C:\DigiSat\SuiteG6\Servidor\DFe\19359762000107\Enviado\NFCe\202501\Autorizados: ['01.xml']
2025-06-02 12:48:35,752 - XMLSender.XMLFinder - INFO - Encontrados 1 arquivos NFCe
2025-06-02 12:48:35,752 - XMLSender.XMLFinder - INFO - Verificando caminho NFe: C:\DigiSat\SuiteG6\Servidor\DFe\19359762000107\Enviado\NF-e\202501\Autorizados
2025-06-02 12:48:35,753 - XMLSender.XMLFinder - WARNING - DiretÛrio n„o encontrado: C:\DigiSat\SuiteG6\Servidor\DFe\19359762000107\Enviado\NF-e\202501\Autorizados
2025-06-02 12:48:35,756 - XMLSender.ZipService - INFO - Arquivo ZIP criado em temp/19359762000107_202501_xmls.zip com 1 arquivos
2025-06-02 12:48:35,757 - XMLSender.EmailService - WARNING - Porta 587 n„o È recomendada para Gmail com SSL. Alterando para 465.
2025-06-02 12:48:39,751 - XMLSender.EmailService - INFO - Email enviado com sucesso para adrielt00@yahoo.com.br
2025-06-02 12:48:40,974 - XMLSender - INFO - Encerrando aplicaÁ„o
2025-06-02 12:48:40,975 - XMLSender.ConfigManager - INFO - ConfiguraÁıes salvas em config/settings.json
2025-06-03 09:00:23,897 - XMLSender - INFO - Iniciando aplicaÁ„o Envio de Arquivos XML v1.0.0
2025-06-03 09:00:23,897 - XMLSender.ConfigManager - INFO - ConfiguraÁıes carregadas de config/settings.json
2025-06-03 09:00:24,094 - XMLSender - WARNING - Arquivo de Ìcone n„o encontrado: assets/icon.png
2025-06-03 09:00:24,375 - XMLSender - INFO - AplicaÁ„o iniciada
2025-06-03 09:00:29,376 - XMLSender.XMLFinder - INFO - Buscando arquivos XML para Doc ID=19359762000107, perÌodo=202505
2025-06-03 09:00:29,376 - XMLSender.XMLFinder - INFO - Verificando caminho NFCe: C:\DigiSat\SuiteG6\Servidor\DFe\19359762000107\Enviado\NFCe\202505\Autorizados
2025-06-03 09:00:29,379 - XMLSender.XMLFinder - WARNING - DiretÛrio n„o encontrado: C:\DigiSat\SuiteG6\Servidor\DFe\19359762000107\Enviado\NFCe\202505\Autorizados
2025-06-03 09:00:29,379 - XMLSender.XMLFinder - INFO - Tentando caminho NFe: C:\DigiSat\SuiteG6\Servidor\DFe\19359762000107\Enviado\NF-e\202505\Autorizados
2025-06-03 09:00:29,379 - XMLSender.XMLFinder - INFO - Tentando caminho NFe: C:\DigiSat\SuiteG6\Servidor\DFe\19359762000107\Enviado\NFe\202505\Autorizados
2025-06-03 09:00:29,379 - XMLSender.XMLFinder - INFO - Tentando caminho NFe: C:\DigiSat\SuiteG6\Servidor\DFe\19359762000107\Enviado\nfe\202505\Autorizados
2025-06-03 09:00:29,379 - XMLSender.XMLFinder - INFO - Tentando caminho NFe: C:\DigiSat\SuiteG6\Servidor\DFe\19359762000107\Enviado\NF_e\202505\Autorizados
2025-06-03 09:00:29,379 - XMLSender.XMLFinder - INFO - Tentando caminho NFe: C:\DigiSat\SuiteG6\Servidor\DFe\19359762000107\Enviado\NFE\202505\Autorizados
2025-06-03 09:00:29,379 - XMLSender.XMLFinder - INFO - Tentando busca flexÌvel em: C:\DigiSat\SuiteG6\Servidor\DFe\19359762000107\Enviado
2025-06-03 09:00:29,379 - XMLSender.XMLFinder - INFO - SubdiretÛrios encontrados contendo 'nf': ['NFCe', 'NFe']
2025-06-03 09:00:29,379 - XMLSender.XMLFinder - INFO - Testando subdiretÛrio encontrado: C:\DigiSat\SuiteG6\Servidor\DFe\19359762000107\Enviado\NFe\202505\Autorizados
2025-06-03 09:00:29,379 - XMLSender.XMLFinder - WARNING - Nenhum diretÛrio NFe encontrado para o perÌodo 202505
2025-06-03 09:00:29,379 - XMLSender.XMLFinder - INFO - === DEBUG NFe - Estrutura de diretÛrios ===
2025-06-03 09:00:29,380 - XMLSender.XMLFinder - INFO - Base path: C:\DigiSat\SuiteG6\Servidor\DFe\19359762000107\Enviado
2025-06-03 09:00:29,380 - XMLSender.XMLFinder - INFO - SubdiretÛrios em 'Enviado': ['NFCe', 'NFe']
2025-06-03 09:00:29,380 - XMLSender.XMLFinder - INFO -   Verificando: NFCe
2025-06-03 09:00:29,380 - XMLSender.XMLFinder - INFO -     Conte˙do: ['202501', '202502']
2025-06-03 09:00:29,380 - XMLSender.XMLFinder - INFO -   Verificando: NFe
2025-06-03 09:00:29,381 - XMLSender.XMLFinder - INFO -     Conte˙do: ['202501']
2025-06-03 09:00:35,746 - XMLSender.XMLFinder - INFO - Buscando arquivos XML para Doc ID=19359762000107, perÌodo=202501
2025-06-03 09:00:35,746 - XMLSender.XMLFinder - INFO - Verificando caminho NFCe: C:\DigiSat\SuiteG6\Servidor\DFe\19359762000107\Enviado\NFCe\202501\Autorizados
2025-06-03 09:00:35,747 - XMLSender.XMLFinder - INFO - Arquivos XML encontrados em C:\DigiSat\SuiteG6\Servidor\DFe\19359762000107\Enviado\NFCe\202501\Autorizados: ['01.xml']
2025-06-03 09:00:35,747 - XMLSender.XMLFinder - INFO - Encontrados 1 arquivos NFCe
2025-06-03 09:00:35,747 - XMLSender.XMLFinder - INFO - Tentando caminho NFe: C:\DigiSat\SuiteG6\Servidor\DFe\19359762000107\Enviado\NF-e\202501\Autorizados
2025-06-03 09:00:35,747 - XMLSender.XMLFinder - INFO - Tentando caminho NFe: C:\DigiSat\SuiteG6\Servidor\DFe\19359762000107\Enviado\NFe\202501\Autorizados
2025-06-03 09:00:35,748 - XMLSender.XMLFinder - INFO - Arquivos XML encontrados em C:\DigiSat\SuiteG6\Servidor\DFe\19359762000107\Enviado\NFe\202501\Autorizados: ['01.xml']
2025-06-03 09:00:35,749 - XMLSender.XMLFinder - INFO - Encontrados 1 arquivos NFe em C:\DigiSat\SuiteG6\Servidor\DFe\19359762000107\Enviado\NFe\202501\Autorizados
2025-06-03 09:00:35,755 - XMLSender.ZipService - INFO - Arquivo ZIP criado em temp/19359762000107_202501_xmls.zip com 2 arquivos
2025-06-03 09:00:35,757 - XMLSender.EmailService - WARNING - Porta 587 n„o È recomendada para Gmail com SSL. Alterando para 465.
2025-06-03 09:00:40,249 - XMLSender.EmailService - INFO - Email enviado com sucesso para adrielt00@yahoo.com.br
2025-06-03 09:01:52,296 - XMLSender - INFO - Encerrando aplicaÁ„o
2025-06-03 09:01:52,298 - XMLSender.ConfigManager - INFO - ConfiguraÁıes salvas em config/settings.json
2025-06-03 09:55:29,515 - XMLSender - INFO - Iniciando aplica√ß√£o Envio de Arquivos XML v1.0.0
2025-06-03 09:55:29,516 - XMLSender.ConfigManager - INFO - Configura√ß√µes carregadas de config/settings.json
2025-06-03 09:55:29,590 - XMLSender - INFO - √çcone da aplica√ß√£o carregado: assets/icon.ico
2025-06-03 09:55:29,806 - XMLSender - INFO - Configura√ß√£o padr√£o adicionada: ui
2025-06-03 09:55:29,806 - XMLSender - INFO - Aplica√ß√£o iniciada com sucesso
2025-06-03 09:55:41,752 - XMLSender.XMLFinder - INFO - Buscando arquivos XML para Doc ID=19359762000107, per√≠odo=202501
2025-06-03 09:55:41,752 - XMLSender.XMLFinder - INFO - Verificando caminho NFCe: C:\DigiSat\SuiteG6\Servidor\DFe\19359762000107\Enviado\NFCe\202501\Autorizados
2025-06-03 09:55:41,753 - XMLSender.XMLFinder - INFO - Arquivos XML encontrados em C:\DigiSat\SuiteG6\Servidor\DFe\19359762000107\Enviado\NFCe\202501\Autorizados: ['01.xml']
2025-06-03 09:55:41,753 - XMLSender.XMLFinder - INFO - Encontrados 1 arquivos NFCe
2025-06-03 09:55:41,753 - XMLSender.XMLFinder - INFO - Tentando caminho NFe: C:\DigiSat\SuiteG6\Servidor\DFe\19359762000107\Enviado\NF-e\202501\Autorizados
2025-06-03 09:55:41,753 - XMLSender.XMLFinder - INFO - Tentando caminho NFe: C:\DigiSat\SuiteG6\Servidor\DFe\19359762000107\Enviado\NFe\202501\Autorizados
2025-06-03 09:55:41,754 - XMLSender.XMLFinder - INFO - Arquivos XML encontrados em C:\DigiSat\SuiteG6\Servidor\DFe\19359762000107\Enviado\NFe\202501\Autorizados: ['01.xml']
2025-06-03 09:55:41,754 - XMLSender.XMLFinder - INFO - Encontrados 1 arquivos NFe em C:\DigiSat\SuiteG6\Servidor\DFe\19359762000107\Enviado\NFe\202501\Autorizados
2025-06-03 09:55:41,758 - XMLSender.ZipService - INFO - Arquivo ZIP criado em temp/19359762000107_202501_xmls.zip com 2 arquivos
2025-06-03 09:55:41,761 - XMLSender.EmailService - WARNING - Porta 587 n√£o √© recomendada para Gmail com SSL. Alterando para 465.
2025-06-03 09:55:46,597 - XMLSender.EmailService - INFO - Email enviado com sucesso para adrielt00@yahoo.com.br
2025-06-03 09:59:34,603 - XMLSender - INFO - Iniciando processo de encerramento da aplica√ß√£o
2025-06-03 09:59:34,604 - XMLSender.ConfigManager - INFO - Configura√ß√µes salvas em config/settings.json
2025-06-03 09:59:34,604 - XMLSender - INFO - Configura√ß√µes salvas com sucesso
2025-06-03 09:59:34,604 - XMLSender - INFO - Aplica√ß√£o encerrada
2025-06-03 10:04:06,491 - XMLSender - INFO - Iniciando aplica√ß√£o Envio de Arquivos XML v1.0.0
2025-06-03 10:04:06,492 - XMLSender.ConfigManager - INFO - Configura√ß√µes carregadas de config/settings.json
2025-06-03 10:04:06,558 - XMLSender - INFO - √çcone da aplica√ß√£o carregado: assets/icon.ico
2025-06-03 10:04:06,730 - XMLSender - INFO - Aplica√ß√£o iniciada com sucesso
2025-06-03 10:04:11,132 - XMLSender.XMLFinder - INFO - Buscando arquivos XML para Doc ID=19359762000107, per√≠odo=202501
2025-06-03 10:04:11,132 - XMLSender.XMLFinder - INFO - Verificando caminho NFCe: C:\DigiSat\SuiteG6\Servidor\DFe\19359762000107\Enviado\NFCe\202501\Autorizados
2025-06-03 10:04:11,133 - XMLSender.XMLFinder - INFO - Arquivos XML encontrados em C:\DigiSat\SuiteG6\Servidor\DFe\19359762000107\Enviado\NFCe\202501\Autorizados: ['01.xml']
2025-06-03 10:04:11,133 - XMLSender.XMLFinder - INFO - Encontrados 1 arquivos NFCe
2025-06-03 10:04:11,133 - XMLSender.XMLFinder - INFO - Tentando caminho NFe: C:\DigiSat\SuiteG6\Servidor\DFe\19359762000107\Enviado\NF-e\202501\Autorizados
2025-06-03 10:04:11,133 - XMLSender.XMLFinder - INFO - Tentando caminho NFe: C:\DigiSat\SuiteG6\Servidor\DFe\19359762000107\Enviado\NFe\202501\Autorizados
2025-06-03 10:04:11,133 - XMLSender.XMLFinder - INFO - Arquivos XML encontrados em C:\DigiSat\SuiteG6\Servidor\DFe\19359762000107\Enviado\NFe\202501\Autorizados: ['01.xml']
2025-06-03 10:04:11,134 - XMLSender.XMLFinder - INFO - Encontrados 1 arquivos NFe em C:\DigiSat\SuiteG6\Servidor\DFe\19359762000107\Enviado\NFe\202501\Autorizados
2025-06-03 10:04:11,136 - XMLSender.ZipService - INFO - Adicionando 1 arquivos NFCe na pasta NFCe/
2025-06-03 10:04:11,136 - XMLSender.ZipService - INFO - Adicionando 1 arquivos NFe na pasta NFe/
2025-06-03 10:04:11,137 - XMLSender.ZipService - INFO - Arquivo ZIP organizado criado em temp/19359762000107_202501_xmls.zip com 2 arquivos
2025-06-03 10:04:11,141 - XMLSender.ZipService - INFO - üì¶ Estrutura do ZIP (2 arquivos total):
2025-06-03 10:04:11,141 - XMLSender.ZipService - INFO -   üìÅ NFCe/ (1 arquivos)
2025-06-03 10:04:11,142 - XMLSender.ZipService - INFO -     üìÑ 01.xml
2025-06-03 10:04:11,142 - XMLSender.ZipService - INFO -   üìÅ NFe/ (1 arquivos)
2025-06-03 10:04:11,142 - XMLSender.ZipService - INFO -     üìÑ 01.xml
2025-06-03 10:04:11,148 - XMLSender.EmailService - WARNING - Porta 587 n√£o √© recomendada para Gmail com SSL. Alterando para 465.
2025-06-03 10:04:16,124 - XMLSender.EmailService - INFO - Email enviado com sucesso para adrielt00@yahoo.com.br
